Time resolution is 1 ps
Info: [XPM_MEMORY 20-2] MEMORY_INIT_FILE (none), MEMORY_INIT_PARAM together specify no memory initialization. Initial memory contents will be all 0's. main_test.bigfir.\genblk2[0].accumulator .xpm_memory_sdpram_inst.xpm_memory_base_inst.config_drc 48
Time: 1 ps  Iteration: 0  Process: /main_test/bigfir/genblk2[0].accumulator/xpm_memory_sdpram_inst/xpm_memory_base_inst/Initial302_115  Scope: main_test.bigfir.\genblk2[0].accumulator .xpm_memory_sdpram_inst.xpm_memory_base_inst.config_drc  File: /home/alex/softwares/Xilinx/Vivado/2023.2/data/ip/xpm/xpm_memory/hdl/xpm_memory.sv Line: 508
Info: [XPM_MEMORY 20-2] MEMORY_INIT_FILE (none), MEMORY_INIT_PARAM together specify no memory initialization. Initial memory contents will be all 0's. main_test.bigfir.\genblk2[1].accumulator .xpm_memory_sdpram_inst.xpm_memory_base_inst.config_drc 48
Time: 1 ps  Iteration: 0  Process: /main_test/bigfir/genblk2[1].accumulator/xpm_memory_sdpram_inst/xpm_memory_base_inst/Initial302_115  Scope: main_test.bigfir.\genblk2[1].accumulator .xpm_memory_sdpram_inst.xpm_memory_base_inst.config_drc  File: /home/alex/softwares/Xilinx/Vivado/2023.2/data/ip/xpm/xpm_memory/hdl/xpm_memory.sv Line: 508
Info: [XPM_MEMORY 20-2] MEMORY_INIT_FILE (none), MEMORY_INIT_PARAM together specify no memory initialization. Initial memory contents will be all 0's. main_test.bigfir.\genblk2[2].accumulator .xpm_memory_sdpram_inst.xpm_memory_base_inst.config_drc 48
Time: 1 ps  Iteration: 0  Process: /main_test/bigfir/genblk2[2].accumulator/xpm_memory_sdpram_inst/xpm_memory_base_inst/Initial302_115  Scope: main_test.bigfir.\genblk2[2].accumulator .xpm_memory_sdpram_inst.xpm_memory_base_inst.config_drc  File: /home/alex/softwares/Xilinx/Vivado/2023.2/data/ip/xpm/xpm_memory/hdl/xpm_memory.sv Line: 508
Info: [XPM_MEMORY 20-2] MEMORY_INIT_FILE (none), MEMORY_INIT_PARAM together specify no memory initialization. Initial memory contents will be all 0's. main_test.bigfir.\genblk2[3].accumulator .xpm_memory_sdpram_inst.xpm_memory_base_inst.config_drc 48
Time: 1 ps  Iteration: 0  Process: /main_test/bigfir/genblk2[3].accumulator/xpm_memory_sdpram_inst/xpm_memory_base_inst/Initial302_115  Scope: main_test.bigfir.\genblk2[3].accumulator .xpm_memory_sdpram_inst.xpm_memory_base_inst.config_drc  File: /home/alex/softwares/Xilinx/Vivado/2023.2/data/ip/xpm/xpm_memory/hdl/xpm_memory.sv Line: 508
Info: [XPM_MEMORY 20-2] MEMORY_INIT_FILE (none), MEMORY_INIT_PARAM together specify no memory initialization. Initial memory contents will be all 0's. main_test.bigfir.\genblk2[4].accumulator .xpm_memory_sdpram_inst.xpm_memory_base_inst.config_drc 48
Time: 1 ps  Iteration: 0  Process: /main_test/bigfir/genblk2[4].accumulator/xpm_memory_sdpram_inst/xpm_memory_base_inst/Initial302_115  Scope: main_test.bigfir.\genblk2[4].accumulator .xpm_memory_sdpram_inst.xpm_memory_base_inst.config_drc  File: /home/alex/softwares/Xilinx/Vivado/2023.2/data/ip/xpm/xpm_memory/hdl/xpm_memory.sv Line: 508
Info: [XPM_MEMORY 20-2] MEMORY_INIT_FILE (none), MEMORY_INIT_PARAM together specify no memory initialization. Initial memory contents will be all 0's. main_test.bigfir.\genblk2[5].accumulator .xpm_memory_sdpram_inst.xpm_memory_base_inst.config_drc 48
Time: 1 ps  Iteration: 0  Process: /main_test/bigfir/genblk2[5].accumulator/xpm_memory_sdpram_inst/xpm_memory_base_inst/Initial302_115  Scope: main_test.bigfir.\genblk2[5].accumulator .xpm_memory_sdpram_inst.xpm_memory_base_inst.config_drc  File: /home/alex/softwares/Xilinx/Vivado/2023.2/data/ip/xpm/xpm_memory/hdl/xpm_memory.sv Line: 508
Info: [XPM_MEMORY 20-2] MEMORY_INIT_FILE (none), MEMORY_INIT_PARAM together specify no memory initialization. Initial memory contents will be all 0's. main_test.bigfir.\genblk2[6].accumulator .xpm_memory_sdpram_inst.xpm_memory_base_inst.config_drc 48
Time: 1 ps  Iteration: 0  Process: /main_test/bigfir/genblk2[6].accumulator/xpm_memory_sdpram_inst/xpm_memory_base_inst/Initial302_115  Scope: main_test.bigfir.\genblk2[6].accumulator .xpm_memory_sdpram_inst.xpm_memory_base_inst.config_drc  File: /home/alex/softwares/Xilinx/Vivado/2023.2/data/ip/xpm/xpm_memory/hdl/xpm_memory.sv Line: 508
Info: [XPM_MEMORY 20-2] MEMORY_INIT_FILE (none), MEMORY_INIT_PARAM together specify no memory initialization. Initial memory contents will be all 0's. main_test.bigfir.\genblk2[7].accumulator .xpm_memory_sdpram_inst.xpm_memory_base_inst.config_drc 48
Time: 1 ps  Iteration: 0  Process: /main_test/bigfir/genblk2[7].accumulator/xpm_memory_sdpram_inst/xpm_memory_base_inst/Initial302_115  Scope: main_test.bigfir.\genblk2[7].accumulator .xpm_memory_sdpram_inst.xpm_memory_base_inst.config_drc  File: /home/alex/softwares/Xilinx/Vivado/2023.2/data/ip/xpm/xpm_memory/hdl/xpm_memory.sv Line: 508
Info: [XPM_MEMORY 20-2] MEMORY_INIT_FILE (none), MEMORY_INIT_PARAM together specify no memory initialization. Initial memory contents will be all 0's. main_test.bigfir.\genblk2[8].accumulator .xpm_memory_sdpram_inst.xpm_memory_base_inst.config_drc 48
Time: 1 ps  Iteration: 0  Process: /main_test/bigfir/genblk2[8].accumulator/xpm_memory_sdpram_inst/xpm_memory_base_inst/Initial302_115  Scope: main_test.bigfir.\genblk2[8].accumulator .xpm_memory_sdpram_inst.xpm_memory_base_inst.config_drc  File: /home/alex/softwares/Xilinx/Vivado/2023.2/data/ip/xpm/xpm_memory/hdl/xpm_memory.sv Line: 508
Info: [XPM_MEMORY 20-2] MEMORY_INIT_FILE (none), MEMORY_INIT_PARAM together specify no memory initialization. Initial memory contents will be all 0's. main_test.bigfir.\genblk2[9].accumulator .xpm_memory_sdpram_inst.xpm_memory_base_inst.config_drc 48
Time: 1 ps  Iteration: 0  Process: /main_test/bigfir/genblk2[9].accumulator/xpm_memory_sdpram_inst/xpm_memory_base_inst/Initial302_115  Scope: main_test.bigfir.\genblk2[9].accumulator .xpm_memory_sdpram_inst.xpm_memory_base_inst.config_drc  File: /home/alex/softwares/Xilinx/Vivado/2023.2/data/ip/xpm/xpm_memory/hdl/xpm_memory.sv Line: 508
Info: [XPM_MEMORY 20-2] MEMORY_INIT_FILE (none), MEMORY_INIT_PARAM together specify no memory initialization. Initial memory contents will be all 0's. main_test.bigfir.\genblk2[10].accumulator .xpm_memory_sdpram_inst.xpm_memory_base_inst.config_drc 48
Time: 1 ps  Iteration: 0  Process: /main_test/bigfir/genblk2[10].accumulator/xpm_memory_sdpram_inst/xpm_memory_base_inst/Initial302_115  Scope: main_test.bigfir.\genblk2[10].accumulator .xpm_memory_sdpram_inst.xpm_memory_base_inst.config_drc  File: /home/alex/softwares/Xilinx/Vivado/2023.2/data/ip/xpm/xpm_memory/hdl/xpm_memory.sv Line: 508
Info: [XPM_MEMORY 20-2] MEMORY_INIT_FILE (none), MEMORY_INIT_PARAM together specify no memory initialization. Initial memory contents will be all 0's. main_test.bigfir.\genblk2[11].accumulator .xpm_memory_sdpram_inst.xpm_memory_base_inst.config_drc 48
Time: 1 ps  Iteration: 0  Process: /main_test/bigfir/genblk2[11].accumulator/xpm_memory_sdpram_inst/xpm_memory_base_inst/Initial302_115  Scope: main_test.bigfir.\genblk2[11].accumulator .xpm_memory_sdpram_inst.xpm_memory_base_inst.config_drc  File: /home/alex/softwares/Xilinx/Vivado/2023.2/data/ip/xpm/xpm_memory/hdl/xpm_memory.sv Line: 508
Info: [XPM_MEMORY 20-2] MEMORY_INIT_FILE (none), MEMORY_INIT_PARAM together specify no memory initialization. Initial memory contents will be all 0's. main_test.bigfir.\genblk2[12].accumulator .xpm_memory_sdpram_inst.xpm_memory_base_inst.config_drc 48
Time: 1 ps  Iteration: 0  Process: /main_test/bigfir/genblk2[12].accumulator/xpm_memory_sdpram_inst/xpm_memory_base_inst/Initial302_115  Scope: main_test.bigfir.\genblk2[12].accumulator .xpm_memory_sdpram_inst.xpm_memory_base_inst.config_drc  File: /home/alex/softwares/Xilinx/Vivado/2023.2/data/ip/xpm/xpm_memory/hdl/xpm_memory.sv Line: 508
Info: [XPM_MEMORY 20-2] MEMORY_INIT_FILE (none), MEMORY_INIT_PARAM together specify no memory initialization. Initial memory contents will be all 0's. main_test.bigfir.\genblk2[13].accumulator .xpm_memory_sdpram_inst.xpm_memory_base_inst.config_drc 48
Time: 1 ps  Iteration: 0  Process: /main_test/bigfir/genblk2[13].accumulator/xpm_memory_sdpram_inst/xpm_memory_base_inst/Initial302_115  Scope: main_test.bigfir.\genblk2[13].accumulator .xpm_memory_sdpram_inst.xpm_memory_base_inst.config_drc  File: /home/alex/softwares/Xilinx/Vivado/2023.2/data/ip/xpm/xpm_memory/hdl/xpm_memory.sv Line: 508
Info: [XPM_MEMORY 20-2] MEMORY_INIT_FILE (none), MEMORY_INIT_PARAM together specify no memory initialization. Initial memory contents will be all 0's. main_test.bigfir.\genblk2[14].accumulator .xpm_memory_sdpram_inst.xpm_memory_base_inst.config_drc 48
Time: 1 ps  Iteration: 0  Process: /main_test/bigfir/genblk2[14].accumulator/xpm_memory_sdpram_inst/xpm_memory_base_inst/Initial302_115  Scope: main_test.bigfir.\genblk2[14].accumulator .xpm_memory_sdpram_inst.xpm_memory_base_inst.config_drc  File: /home/alex/softwares/Xilinx/Vivado/2023.2/data/ip/xpm/xpm_memory/hdl/xpm_memory.sv Line: 508
Info: [XPM_MEMORY 20-2] MEMORY_INIT_FILE (none), MEMORY_INIT_PARAM together specify no memory initialization. Initial memory contents will be all 0's. main_test.bigfir.\genblk2[15].accumulator .xpm_memory_sdpram_inst.xpm_memory_base_inst.config_drc 48
Time: 1 ps  Iteration: 0  Process: /main_test/bigfir/genblk2[15].accumulator/xpm_memory_sdpram_inst/xpm_memory_base_inst/Initial302_115  Scope: main_test.bigfir.\genblk2[15].accumulator .xpm_memory_sdpram_inst.xpm_memory_base_inst.config_drc  File: /home/alex/softwares/Xilinx/Vivado/2023.2/data/ip/xpm/xpm_memory/hdl/xpm_memory.sv Line: 508
Info: [XPM_MEMORY 20-2] MEMORY_INIT_FILE (none), MEMORY_INIT_PARAM together specify no memory initialization. Initial memory contents will be all 0's. main_test.bigfir.\genblk2[16].accumulator .xpm_memory_sdpram_inst.xpm_memory_base_inst.config_drc 48
Time: 1 ps  Iteration: 0  Process: /main_test/bigfir/genblk2[16].accumulator/xpm_memory_sdpram_inst/xpm_memory_base_inst/Initial302_115  Scope: main_test.bigfir.\genblk2[16].accumulator .xpm_memory_sdpram_inst.xpm_memory_base_inst.config_drc  File: /home/alex/softwares/Xilinx/Vivado/2023.2/data/ip/xpm/xpm_memory/hdl/xpm_memory.sv Line: 508
Info: [XPM_MEMORY 20-2] MEMORY_INIT_FILE (none), MEMORY_INIT_PARAM together specify no memory initialization. Initial memory contents will be all 0's. main_test.bigfir.\genblk2[17].accumulator .xpm_memory_sdpram_inst.xpm_memory_base_inst.config_drc 48
Time: 1 ps  Iteration: 0  Process: /main_test/bigfir/genblk2[17].accumulator/xpm_memory_sdpram_inst/xpm_memory_base_inst/Initial302_115  Scope: main_test.bigfir.\genblk2[17].accumulator .xpm_memory_sdpram_inst.xpm_memory_base_inst.config_drc  File: /home/alex/softwares/Xilinx/Vivado/2023.2/data/ip/xpm/xpm_memory/hdl/xpm_memory.sv Line: 508
Info: [XPM_MEMORY 20-2] MEMORY_INIT_FILE (none), MEMORY_INIT_PARAM together specify no memory initialization. Initial memory contents will be all 0's. main_test.bigfir.\genblk2[18].accumulator .xpm_memory_sdpram_inst.xpm_memory_base_inst.config_drc 48
Time: 1 ps  Iteration: 0  Process: /main_test/bigfir/genblk2[18].accumulator/xpm_memory_sdpram_inst/xpm_memory_base_inst/Initial302_115  Scope: main_test.bigfir.\genblk2[18].accumulator .xpm_memory_sdpram_inst.xpm_memory_base_inst.config_drc  File: /home/alex/softwares/Xilinx/Vivado/2023.2/data/ip/xpm/xpm_memory/hdl/xpm_memory.sv Line: 508
Info: [XPM_MEMORY 20-2] MEMORY_INIT_FILE (none), MEMORY_INIT_PARAM together specify no memory initialization. Initial memory contents will be all 0's. main_test.bigfir.\genblk2[19].accumulator .xpm_memory_sdpram_inst.xpm_memory_base_inst.config_drc 48
Time: 1 ps  Iteration: 0  Process: /main_test/bigfir/genblk2[19].accumulator/xpm_memory_sdpram_inst/xpm_memory_base_inst/Initial302_115  Scope: main_test.bigfir.\genblk2[19].accumulator .xpm_memory_sdpram_inst.xpm_memory_base_inst.config_drc  File: /home/alex/softwares/Xilinx/Vivado/2023.2/data/ip/xpm/xpm_memory/hdl/xpm_memory.sv Line: 508
Warning: [Unisim MMCME2_ADV-20] Input CLKIN1 period and attribute CLKIN1_PERIOD are not same. Instance main_test.bigfir.inst.inst.mmcm_adv_inst 
INFO: xsimkernel Simulation Memory Usage: 119984 KB (Peak: 167508 KB), Simulation CPU Usage: 13080 ms
