02-03 14:43:05 com_github_MitjaNemec_PlaceFootprints.action_place_footprints 641:Plugin executed on: 'linux'
02-03 14:43:05 com_github_MitjaNemec_PlaceFootprints.action_place_footprints 642:Plugin executed with python version: '3.10.12 (main, Nov 20 2023, 15:14:05) [GCC 11.4.0]'
02-03 14:43:05 com_github_MitjaNemec_PlaceFootprints.action_place_footprints 643:KiCad build version: 7.0.10-7.0.10~ubuntu22.04.1
02-03 14:43:05 com_github_MitjaNemec_PlaceFootprints.action_place_footprints 644:Plugin version: 2.1.2
02-03 14:43:05 com_github_MitjaNemec_PlaceFootprints.action_place_footprints 645:Frame repr: <wx._core.Frame object at 0x7f2908e3bd90>
02-03 14:43:05 com_github_MitjaNemec_PlaceFootprints.place_footprints 121:getting a list of all footprints on board
02-03 14:43:05 com_github_MitjaNemec_PlaceFootprints.place_footprints 156:Footprint R3 on root level
02-03 14:43:05 com_github_MitjaNemec_PlaceFootprints.place_footprints 156:Footprint U2 on root level
02-03 14:43:05 com_github_MitjaNemec_PlaceFootprints.place_footprints 156:Footprint LS9 on root level
02-03 14:43:05 com_github_MitjaNemec_PlaceFootprints.place_footprints 156:Footprint LS10 on root level
02-03 14:43:05 com_github_MitjaNemec_PlaceFootprints.place_footprints 156:Footprint LS7 on root level
02-03 14:43:05 com_github_MitjaNemec_PlaceFootprints.place_footprints 156:Footprint LS5 on root level
02-03 14:43:05 com_github_MitjaNemec_PlaceFootprints.place_footprints 156:Footprint LS8 on root level
02-03 14:43:05 com_github_MitjaNemec_PlaceFootprints.place_footprints 156:Footprint LS14 on root level
02-03 14:43:05 com_github_MitjaNemec_PlaceFootprints.place_footprints 156:Footprint LS15 on root level
02-03 14:43:05 com_github_MitjaNemec_PlaceFootprints.place_footprints 156:Footprint LS16 on root level
02-03 14:43:05 com_github_MitjaNemec_PlaceFootprints.place_footprints 156:Footprint LS1 on root level
02-03 14:43:05 com_github_MitjaNemec_PlaceFootprints.place_footprints 156:Footprint LS17 on root level
02-03 14:43:05 com_github_MitjaNemec_PlaceFootprints.place_footprints 156:Footprint LS18 on root level
02-03 14:43:05 com_github_MitjaNemec_PlaceFootprints.place_footprints 156:Footprint LS19 on root level
02-03 14:43:05 com_github_MitjaNemec_PlaceFootprints.place_footprints 156:Footprint LS4 on root level
02-03 14:43:05 com_github_MitjaNemec_PlaceFootprints.place_footprints 156:Footprint LS6 on root level
02-03 14:43:05 com_github_MitjaNemec_PlaceFootprints.place_footprints 156:Footprint LS2 on root level
02-03 14:43:05 com_github_MitjaNemec_PlaceFootprints.place_footprints 156:Footprint LS3 on root level
02-03 14:43:05 com_github_MitjaNemec_PlaceFootprints.place_footprints 156:Footprint LS11 on root level
02-03 14:43:05 com_github_MitjaNemec_PlaceFootprints.place_footprints 156:Footprint LS12 on root level
02-03 14:43:05 com_github_MitjaNemec_PlaceFootprints.place_footprints 156:Footprint LS13 on root level
02-03 14:43:05 com_github_MitjaNemec_PlaceFootprints.place_footprints 156:Footprint LS25 on root level
02-03 14:43:05 com_github_MitjaNemec_PlaceFootprints.place_footprints 156:Footprint LS26 on root level
02-03 14:43:05 com_github_MitjaNemec_PlaceFootprints.place_footprints 156:Footprint LS27 on root level
02-03 14:43:05 com_github_MitjaNemec_PlaceFootprints.place_footprints 156:Footprint LS28 on root level
02-03 14:43:05 com_github_MitjaNemec_PlaceFootprints.place_footprints 156:Footprint LS29 on root level
02-03 14:43:05 com_github_MitjaNemec_PlaceFootprints.place_footprints 156:Footprint LS30 on root level
02-03 14:43:05 com_github_MitjaNemec_PlaceFootprints.place_footprints 156:Footprint LS31 on root level
02-03 14:43:05 com_github_MitjaNemec_PlaceFootprints.place_footprints 156:Footprint LS32 on root level
02-03 14:43:05 com_github_MitjaNemec_PlaceFootprints.place_footprints 156:Footprint LS33 on root level
02-03 14:43:05 com_github_MitjaNemec_PlaceFootprints.place_footprints 156:Footprint LS34 on root level
02-03 14:43:05 com_github_MitjaNemec_PlaceFootprints.place_footprints 156:Footprint LS35 on root level
02-03 14:43:05 com_github_MitjaNemec_PlaceFootprints.place_footprints 156:Footprint LS36 on root level
02-03 14:43:05 com_github_MitjaNemec_PlaceFootprints.place_footprints 156:Footprint LS37 on root level
02-03 14:43:05 com_github_MitjaNemec_PlaceFootprints.place_footprints 156:Footprint LS38 on root level
02-03 14:43:05 com_github_MitjaNemec_PlaceFootprints.place_footprints 156:Footprint LS39 on root level
02-03 14:43:05 com_github_MitjaNemec_PlaceFootprints.place_footprints 156:Footprint LS40 on root level
02-03 14:43:05 com_github_MitjaNemec_PlaceFootprints.place_footprints 156:Footprint LS20 on root level
02-03 14:43:05 com_github_MitjaNemec_PlaceFootprints.place_footprints 156:Footprint LS21 on root level
02-03 14:43:05 com_github_MitjaNemec_PlaceFootprints.place_footprints 156:Footprint LS22 on root level
02-03 14:43:05 com_github_MitjaNemec_PlaceFootprints.place_footprints 156:Footprint LS23 on root level
02-03 14:43:05 com_github_MitjaNemec_PlaceFootprints.place_footprints 156:Footprint LS24 on root level
02-03 14:43:05 com_github_MitjaNemec_PlaceFootprints.place_footprints 156:Footprint LS41 on root level
02-03 14:43:05 com_github_MitjaNemec_PlaceFootprints.place_footprints 156:Footprint LS42 on root level
02-03 14:43:05 com_github_MitjaNemec_PlaceFootprints.place_footprints 156:Footprint LS43 on root level
02-03 14:43:05 com_github_MitjaNemec_PlaceFootprints.place_footprints 156:Footprint LS44 on root level
02-03 14:43:05 com_github_MitjaNemec_PlaceFootprints.place_footprints 156:Footprint LS45 on root level
02-03 14:43:05 com_github_MitjaNemec_PlaceFootprints.place_footprints 156:Footprint LS46 on root level
02-03 14:43:05 com_github_MitjaNemec_PlaceFootprints.place_footprints 156:Footprint LS47 on root level
02-03 14:43:05 com_github_MitjaNemec_PlaceFootprints.place_footprints 156:Footprint LS48 on root level
02-03 14:43:05 com_github_MitjaNemec_PlaceFootprints.place_footprints 156:Footprint LS49 on root level
02-03 14:43:05 com_github_MitjaNemec_PlaceFootprints.place_footprints 156:Footprint LS50 on root level
02-03 14:43:05 com_github_MitjaNemec_PlaceFootprints.place_footprints 156:Footprint LS51 on root level
02-03 14:43:05 com_github_MitjaNemec_PlaceFootprints.place_footprints 156:Footprint LS52 on root level
02-03 14:43:05 com_github_MitjaNemec_PlaceFootprints.place_footprints 156:Footprint LS53 on root level
02-03 14:43:05 com_github_MitjaNemec_PlaceFootprints.place_footprints 156:Footprint LS54 on root level
02-03 14:43:05 com_github_MitjaNemec_PlaceFootprints.place_footprints 156:Footprint LS55 on root level
02-03 14:43:05 com_github_MitjaNemec_PlaceFootprints.place_footprints 156:Footprint LS56 on root level
02-03 14:43:05 com_github_MitjaNemec_PlaceFootprints.place_footprints 156:Footprint LS57 on root level
02-03 14:43:05 com_github_MitjaNemec_PlaceFootprints.place_footprints 156:Footprint LS58 on root level
02-03 14:43:05 com_github_MitjaNemec_PlaceFootprints.place_footprints 156:Footprint LS59 on root level
02-03 14:43:05 com_github_MitjaNemec_PlaceFootprints.place_footprints 156:Footprint LS60 on root level
02-03 14:43:05 com_github_MitjaNemec_PlaceFootprints.place_footprints 156:Footprint LS256 on root level
02-03 14:43:05 com_github_MitjaNemec_PlaceFootprints.place_footprints 156:Footprint LS255 on root level
02-03 14:43:05 com_github_MitjaNemec_PlaceFootprints.place_footprints 156:Footprint LS254 on root level
02-03 14:43:05 com_github_MitjaNemec_PlaceFootprints.place_footprints 156:Footprint LS253 on root level
02-03 14:43:05 com_github_MitjaNemec_PlaceFootprints.place_footprints 156:Footprint LS252 on root level
02-03 14:43:05 com_github_MitjaNemec_PlaceFootprints.place_footprints 156:Footprint LS251 on root level
02-03 14:43:05 com_github_MitjaNemec_PlaceFootprints.place_footprints 156:Footprint LS250 on root level
02-03 14:43:05 com_github_MitjaNemec_PlaceFootprints.place_footprints 156:Footprint LS249 on root level
02-03 14:43:05 com_github_MitjaNemec_PlaceFootprints.place_footprints 156:Footprint LS248 on root level
02-03 14:43:05 com_github_MitjaNemec_PlaceFootprints.place_footprints 156:Footprint LS247 on root level
02-03 14:43:05 com_github_MitjaNemec_PlaceFootprints.place_footprints 156:Footprint LS246 on root level
02-03 14:43:05 com_github_MitjaNemec_PlaceFootprints.place_footprints 156:Footprint LS245 on root level
02-03 14:43:05 com_github_MitjaNemec_PlaceFootprints.place_footprints 156:Footprint LS244 on root level
02-03 14:43:05 com_github_MitjaNemec_PlaceFootprints.place_footprints 156:Footprint LS243 on root level
02-03 14:43:05 com_github_MitjaNemec_PlaceFootprints.place_footprints 156:Footprint LS242 on root level
02-03 14:43:05 com_github_MitjaNemec_PlaceFootprints.place_footprints 156:Footprint LS241 on root level
02-03 14:43:05 com_github_MitjaNemec_PlaceFootprints.place_footprints 156:Footprint LS240 on root level
02-03 14:43:05 com_github_MitjaNemec_PlaceFootprints.place_footprints 156:Footprint LS239 on root level
02-03 14:43:05 com_github_MitjaNemec_PlaceFootprints.place_footprints 156:Footprint LS238 on root level
02-03 14:43:05 com_github_MitjaNemec_PlaceFootprints.place_footprints 156:Footprint LS237 on root level
02-03 14:43:05 com_github_MitjaNemec_PlaceFootprints.place_footprints 156:Footprint LS236 on root level
02-03 14:43:05 com_github_MitjaNemec_PlaceFootprints.place_footprints 156:Footprint LS235 on root level
02-03 14:43:05 com_github_MitjaNemec_PlaceFootprints.place_footprints 156:Footprint LS234 on root level
02-03 14:43:05 com_github_MitjaNemec_PlaceFootprints.place_footprints 156:Footprint LS233 on root level
02-03 14:43:05 com_github_MitjaNemec_PlaceFootprints.place_footprints 156:Footprint LS232 on root level
02-03 14:43:05 com_github_MitjaNemec_PlaceFootprints.place_footprints 156:Footprint LS231 on root level
02-03 14:43:05 com_github_MitjaNemec_PlaceFootprints.place_footprints 156:Footprint LS230 on root level
02-03 14:43:05 com_github_MitjaNemec_PlaceFootprints.place_footprints 156:Footprint LS229 on root level
02-03 14:43:05 com_github_MitjaNemec_PlaceFootprints.place_footprints 156:Footprint LS228 on root level
02-03 14:43:05 com_github_MitjaNemec_PlaceFootprints.place_footprints 156:Footprint LS227 on root level
02-03 14:43:05 com_github_MitjaNemec_PlaceFootprints.place_footprints 156:Footprint LS226 on root level
02-03 14:43:05 com_github_MitjaNemec_PlaceFootprints.place_footprints 156:Footprint LS225 on root level
02-03 14:43:05 com_github_MitjaNemec_PlaceFootprints.place_footprints 156:Footprint LS224 on root level
02-03 14:43:05 com_github_MitjaNemec_PlaceFootprints.place_footprints 156:Footprint LS223 on root level
02-03 14:43:05 com_github_MitjaNemec_PlaceFootprints.place_footprints 156:Footprint LS222 on root level
02-03 14:43:05 com_github_MitjaNemec_PlaceFootprints.place_footprints 156:Footprint LS221 on root level
02-03 14:43:05 com_github_MitjaNemec_PlaceFootprints.place_footprints 156:Footprint LS220 on root level
02-03 14:43:05 com_github_MitjaNemec_PlaceFootprints.place_footprints 156:Footprint LS219 on root level
02-03 14:43:05 com_github_MitjaNemec_PlaceFootprints.place_footprints 156:Footprint LS218 on root level
02-03 14:43:05 com_github_MitjaNemec_PlaceFootprints.place_footprints 156:Footprint LS217 on root level
02-03 14:43:05 com_github_MitjaNemec_PlaceFootprints.place_footprints 156:Footprint LS216 on root level
02-03 14:43:05 com_github_MitjaNemec_PlaceFootprints.place_footprints 156:Footprint LS215 on root level
02-03 14:43:05 com_github_MitjaNemec_PlaceFootprints.place_footprints 156:Footprint LS214 on root level
02-03 14:43:05 com_github_MitjaNemec_PlaceFootprints.place_footprints 156:Footprint LS213 on root level
02-03 14:43:05 com_github_MitjaNemec_PlaceFootprints.place_footprints 156:Footprint LS212 on root level
02-03 14:43:05 com_github_MitjaNemec_PlaceFootprints.place_footprints 156:Footprint LS211 on root level
02-03 14:43:05 com_github_MitjaNemec_PlaceFootprints.place_footprints 156:Footprint LS210 on root level
02-03 14:43:05 com_github_MitjaNemec_PlaceFootprints.place_footprints 156:Footprint LS209 on root level
02-03 14:43:05 com_github_MitjaNemec_PlaceFootprints.place_footprints 156:Footprint LS208 on root level
02-03 14:43:05 com_github_MitjaNemec_PlaceFootprints.place_footprints 156:Footprint LS207 on root level
02-03 14:43:05 com_github_MitjaNemec_PlaceFootprints.place_footprints 156:Footprint LS206 on root level
02-03 14:43:05 com_github_MitjaNemec_PlaceFootprints.place_footprints 156:Footprint LS205 on root level
02-03 14:43:05 com_github_MitjaNemec_PlaceFootprints.place_footprints 156:Footprint LS204 on root level
02-03 14:43:05 com_github_MitjaNemec_PlaceFootprints.place_footprints 156:Footprint LS203 on root level
02-03 14:43:05 com_github_MitjaNemec_PlaceFootprints.place_footprints 156:Footprint LS202 on root level
02-03 14:43:05 com_github_MitjaNemec_PlaceFootprints.place_footprints 156:Footprint LS201 on root level
02-03 14:43:05 com_github_MitjaNemec_PlaceFootprints.place_footprints 156:Footprint LS200 on root level
02-03 14:43:05 com_github_MitjaNemec_PlaceFootprints.place_footprints 156:Footprint LS199 on root level
02-03 14:43:05 com_github_MitjaNemec_PlaceFootprints.place_footprints 156:Footprint LS198 on root level
02-03 14:43:05 com_github_MitjaNemec_PlaceFootprints.place_footprints 156:Footprint LS197 on root level
02-03 14:43:05 com_github_MitjaNemec_PlaceFootprints.place_footprints 156:Footprint LS196 on root level
02-03 14:43:05 com_github_MitjaNemec_PlaceFootprints.place_footprints 156:Footprint LS195 on root level
02-03 14:43:05 com_github_MitjaNemec_PlaceFootprints.place_footprints 156:Footprint LS194 on root level
02-03 14:43:05 com_github_MitjaNemec_PlaceFootprints.place_footprints 156:Footprint LS193 on root level
02-03 14:43:05 com_github_MitjaNemec_PlaceFootprints.place_footprints 156:Footprint LS192 on root level
02-03 14:43:05 com_github_MitjaNemec_PlaceFootprints.place_footprints 156:Footprint LS191 on root level
02-03 14:43:05 com_github_MitjaNemec_PlaceFootprints.place_footprints 156:Footprint LS190 on root level
02-03 14:43:05 com_github_MitjaNemec_PlaceFootprints.place_footprints 156:Footprint LS189 on root level
02-03 14:43:05 com_github_MitjaNemec_PlaceFootprints.place_footprints 156:Footprint LS188 on root level
02-03 14:43:05 com_github_MitjaNemec_PlaceFootprints.place_footprints 156:Footprint LS187 on root level
02-03 14:43:05 com_github_MitjaNemec_PlaceFootprints.place_footprints 156:Footprint LS186 on root level
02-03 14:43:05 com_github_MitjaNemec_PlaceFootprints.place_footprints 156:Footprint LS185 on root level
02-03 14:43:05 com_github_MitjaNemec_PlaceFootprints.place_footprints 156:Footprint LS184 on root level
02-03 14:43:05 com_github_MitjaNemec_PlaceFootprints.place_footprints 156:Footprint LS183 on root level
02-03 14:43:05 com_github_MitjaNemec_PlaceFootprints.place_footprints 156:Footprint LS182 on root level
02-03 14:43:05 com_github_MitjaNemec_PlaceFootprints.place_footprints 156:Footprint LS181 on root level
02-03 14:43:05 com_github_MitjaNemec_PlaceFootprints.place_footprints 156:Footprint LS180 on root level
02-03 14:43:05 com_github_MitjaNemec_PlaceFootprints.place_footprints 156:Footprint LS179 on root level
02-03 14:43:05 com_github_MitjaNemec_PlaceFootprints.place_footprints 156:Footprint LS178 on root level
02-03 14:43:05 com_github_MitjaNemec_PlaceFootprints.place_footprints 156:Footprint LS177 on root level
02-03 14:43:05 com_github_MitjaNemec_PlaceFootprints.place_footprints 156:Footprint LS176 on root level
02-03 14:43:05 com_github_MitjaNemec_PlaceFootprints.place_footprints 156:Footprint LS175 on root level
02-03 14:43:05 com_github_MitjaNemec_PlaceFootprints.place_footprints 156:Footprint LS174 on root level
02-03 14:43:05 com_github_MitjaNemec_PlaceFootprints.place_footprints 156:Footprint LS173 on root level
02-03 14:43:05 com_github_MitjaNemec_PlaceFootprints.place_footprints 156:Footprint LS172 on root level
02-03 14:43:05 com_github_MitjaNemec_PlaceFootprints.place_footprints 156:Footprint LS171 on root level
02-03 14:43:05 com_github_MitjaNemec_PlaceFootprints.place_footprints 156:Footprint LS170 on root level
02-03 14:43:05 com_github_MitjaNemec_PlaceFootprints.place_footprints 156:Footprint LS169 on root level
02-03 14:43:05 com_github_MitjaNemec_PlaceFootprints.place_footprints 156:Footprint LS168 on root level
02-03 14:43:05 com_github_MitjaNemec_PlaceFootprints.place_footprints 156:Footprint LS167 on root level
02-03 14:43:05 com_github_MitjaNemec_PlaceFootprints.place_footprints 156:Footprint LS166 on root level
02-03 14:43:05 com_github_MitjaNemec_PlaceFootprints.place_footprints 156:Footprint LS165 on root level
02-03 14:43:05 com_github_MitjaNemec_PlaceFootprints.place_footprints 156:Footprint LS164 on root level
02-03 14:43:05 com_github_MitjaNemec_PlaceFootprints.place_footprints 156:Footprint LS163 on root level
02-03 14:43:05 com_github_MitjaNemec_PlaceFootprints.place_footprints 156:Footprint LS162 on root level
02-03 14:43:05 com_github_MitjaNemec_PlaceFootprints.place_footprints 156:Footprint LS161 on root level
02-03 14:43:05 com_github_MitjaNemec_PlaceFootprints.place_footprints 156:Footprint LS160 on root level
02-03 14:43:05 com_github_MitjaNemec_PlaceFootprints.place_footprints 156:Footprint LS159 on root level
02-03 14:43:05 com_github_MitjaNemec_PlaceFootprints.place_footprints 156:Footprint LS158 on root level
02-03 14:43:05 com_github_MitjaNemec_PlaceFootprints.place_footprints 156:Footprint LS157 on root level
02-03 14:43:05 com_github_MitjaNemec_PlaceFootprints.place_footprints 156:Footprint LS156 on root level
02-03 14:43:05 com_github_MitjaNemec_PlaceFootprints.place_footprints 156:Footprint LS155 on root level
02-03 14:43:05 com_github_MitjaNemec_PlaceFootprints.place_footprints 156:Footprint LS154 on root level
02-03 14:43:05 com_github_MitjaNemec_PlaceFootprints.place_footprints 156:Footprint LS153 on root level
02-03 14:43:05 com_github_MitjaNemec_PlaceFootprints.place_footprints 156:Footprint LS152 on root level
02-03 14:43:05 com_github_MitjaNemec_PlaceFootprints.place_footprints 156:Footprint LS151 on root level
02-03 14:43:05 com_github_MitjaNemec_PlaceFootprints.place_footprints 156:Footprint LS150 on root level
02-03 14:43:05 com_github_MitjaNemec_PlaceFootprints.place_footprints 156:Footprint LS149 on root level
02-03 14:43:05 com_github_MitjaNemec_PlaceFootprints.place_footprints 156:Footprint LS148 on root level
02-03 14:43:05 com_github_MitjaNemec_PlaceFootprints.place_footprints 156:Footprint LS147 on root level
02-03 14:43:05 com_github_MitjaNemec_PlaceFootprints.place_footprints 156:Footprint LS146 on root level
02-03 14:43:05 com_github_MitjaNemec_PlaceFootprints.place_footprints 156:Footprint LS145 on root level
02-03 14:43:05 com_github_MitjaNemec_PlaceFootprints.place_footprints 156:Footprint LS144 on root level
02-03 14:43:05 com_github_MitjaNemec_PlaceFootprints.place_footprints 156:Footprint LS143 on root level
02-03 14:43:05 com_github_MitjaNemec_PlaceFootprints.place_footprints 156:Footprint LS142 on root level
02-03 14:43:05 com_github_MitjaNemec_PlaceFootprints.place_footprints 156:Footprint LS141 on root level
02-03 14:43:05 com_github_MitjaNemec_PlaceFootprints.place_footprints 156:Footprint LS140 on root level
02-03 14:43:05 com_github_MitjaNemec_PlaceFootprints.place_footprints 156:Footprint LS139 on root level
02-03 14:43:05 com_github_MitjaNemec_PlaceFootprints.place_footprints 156:Footprint LS138 on root level
02-03 14:43:05 com_github_MitjaNemec_PlaceFootprints.place_footprints 156:Footprint LS137 on root level
02-03 14:43:05 com_github_MitjaNemec_PlaceFootprints.place_footprints 156:Footprint LS136 on root level
02-03 14:43:05 com_github_MitjaNemec_PlaceFootprints.place_footprints 156:Footprint LS135 on root level
02-03 14:43:05 com_github_MitjaNemec_PlaceFootprints.place_footprints 156:Footprint LS134 on root level
02-03 14:43:05 com_github_MitjaNemec_PlaceFootprints.place_footprints 156:Footprint LS133 on root level
02-03 14:43:05 com_github_MitjaNemec_PlaceFootprints.place_footprints 156:Footprint LS132 on root level
02-03 14:43:05 com_github_MitjaNemec_PlaceFootprints.place_footprints 156:Footprint LS131 on root level
02-03 14:43:05 com_github_MitjaNemec_PlaceFootprints.place_footprints 156:Footprint LS130 on root level
02-03 14:43:05 com_github_MitjaNemec_PlaceFootprints.place_footprints 156:Footprint LS129 on root level
02-03 14:43:05 com_github_MitjaNemec_PlaceFootprints.place_footprints 156:Footprint LS128 on root level
02-03 14:43:05 com_github_MitjaNemec_PlaceFootprints.place_footprints 156:Footprint LS127 on root level
02-03 14:43:05 com_github_MitjaNemec_PlaceFootprints.place_footprints 156:Footprint LS126 on root level
02-03 14:43:05 com_github_MitjaNemec_PlaceFootprints.place_footprints 156:Footprint LS125 on root level
02-03 14:43:05 com_github_MitjaNemec_PlaceFootprints.place_footprints 156:Footprint LS124 on root level
02-03 14:43:05 com_github_MitjaNemec_PlaceFootprints.place_footprints 156:Footprint LS123 on root level
02-03 14:43:05 com_github_MitjaNemec_PlaceFootprints.place_footprints 156:Footprint LS122 on root level
02-03 14:43:05 com_github_MitjaNemec_PlaceFootprints.place_footprints 156:Footprint LS121 on root level
02-03 14:43:05 com_github_MitjaNemec_PlaceFootprints.place_footprints 156:Footprint LS120 on root level
02-03 14:43:05 com_github_MitjaNemec_PlaceFootprints.place_footprints 156:Footprint LS119 on root level
02-03 14:43:05 com_github_MitjaNemec_PlaceFootprints.place_footprints 156:Footprint LS118 on root level
02-03 14:43:05 com_github_MitjaNemec_PlaceFootprints.place_footprints 156:Footprint LS117 on root level
02-03 14:43:05 com_github_MitjaNemec_PlaceFootprints.place_footprints 156:Footprint LS116 on root level
02-03 14:43:05 com_github_MitjaNemec_PlaceFootprints.place_footprints 156:Footprint LS115 on root level
02-03 14:43:05 com_github_MitjaNemec_PlaceFootprints.place_footprints 156:Footprint LS114 on root level
02-03 14:43:05 com_github_MitjaNemec_PlaceFootprints.place_footprints 156:Footprint LS113 on root level
02-03 14:43:05 com_github_MitjaNemec_PlaceFootprints.place_footprints 156:Footprint LS112 on root level
02-03 14:43:05 com_github_MitjaNemec_PlaceFootprints.place_footprints 156:Footprint LS111 on root level
02-03 14:43:05 com_github_MitjaNemec_PlaceFootprints.place_footprints 156:Footprint LS110 on root level
02-03 14:43:05 com_github_MitjaNemec_PlaceFootprints.place_footprints 156:Footprint LS109 on root level
02-03 14:43:05 com_github_MitjaNemec_PlaceFootprints.place_footprints 156:Footprint LS108 on root level
02-03 14:43:05 com_github_MitjaNemec_PlaceFootprints.place_footprints 156:Footprint LS107 on root level
02-03 14:43:05 com_github_MitjaNemec_PlaceFootprints.place_footprints 156:Footprint LS106 on root level
02-03 14:43:05 com_github_MitjaNemec_PlaceFootprints.place_footprints 156:Footprint LS105 on root level
02-03 14:43:05 com_github_MitjaNemec_PlaceFootprints.place_footprints 156:Footprint LS104 on root level
02-03 14:43:05 com_github_MitjaNemec_PlaceFootprints.place_footprints 156:Footprint LS103 on root level
02-03 14:43:05 com_github_MitjaNemec_PlaceFootprints.place_footprints 156:Footprint LS102 on root level
02-03 14:43:05 com_github_MitjaNemec_PlaceFootprints.place_footprints 156:Footprint LS101 on root level
02-03 14:43:05 com_github_MitjaNemec_PlaceFootprints.place_footprints 156:Footprint LS100 on root level
02-03 14:43:05 com_github_MitjaNemec_PlaceFootprints.place_footprints 156:Footprint LS99 on root level
02-03 14:43:05 com_github_MitjaNemec_PlaceFootprints.place_footprints 156:Footprint LS98 on root level
02-03 14:43:05 com_github_MitjaNemec_PlaceFootprints.place_footprints 156:Footprint LS97 on root level
02-03 14:43:05 com_github_MitjaNemec_PlaceFootprints.place_footprints 156:Footprint LS96 on root level
02-03 14:43:05 com_github_MitjaNemec_PlaceFootprints.place_footprints 156:Footprint LS95 on root level
02-03 14:43:05 com_github_MitjaNemec_PlaceFootprints.place_footprints 156:Footprint LS94 on root level
02-03 14:43:05 com_github_MitjaNemec_PlaceFootprints.place_footprints 156:Footprint LS93 on root level
02-03 14:43:05 com_github_MitjaNemec_PlaceFootprints.place_footprints 156:Footprint LS92 on root level
02-03 14:43:05 com_github_MitjaNemec_PlaceFootprints.place_footprints 156:Footprint LS91 on root level
02-03 14:43:05 com_github_MitjaNemec_PlaceFootprints.place_footprints 156:Footprint LS90 on root level
02-03 14:43:05 com_github_MitjaNemec_PlaceFootprints.place_footprints 156:Footprint LS89 on root level
02-03 14:43:05 com_github_MitjaNemec_PlaceFootprints.place_footprints 156:Footprint LS88 on root level
02-03 14:43:05 com_github_MitjaNemec_PlaceFootprints.place_footprints 156:Footprint LS87 on root level
02-03 14:43:05 com_github_MitjaNemec_PlaceFootprints.place_footprints 156:Footprint LS86 on root level
02-03 14:43:05 com_github_MitjaNemec_PlaceFootprints.place_footprints 156:Footprint LS85 on root level
02-03 14:43:05 com_github_MitjaNemec_PlaceFootprints.place_footprints 156:Footprint LS84 on root level
02-03 14:43:05 com_github_MitjaNemec_PlaceFootprints.place_footprints 156:Footprint LS83 on root level
02-03 14:43:05 com_github_MitjaNemec_PlaceFootprints.place_footprints 156:Footprint LS82 on root level
02-03 14:43:05 com_github_MitjaNemec_PlaceFootprints.place_footprints 156:Footprint LS81 on root level
02-03 14:43:05 com_github_MitjaNemec_PlaceFootprints.place_footprints 156:Footprint LS80 on root level
02-03 14:43:05 com_github_MitjaNemec_PlaceFootprints.place_footprints 156:Footprint LS79 on root level
02-03 14:43:05 com_github_MitjaNemec_PlaceFootprints.place_footprints 156:Footprint LS78 on root level
02-03 14:43:05 com_github_MitjaNemec_PlaceFootprints.place_footprints 156:Footprint LS77 on root level
02-03 14:43:05 com_github_MitjaNemec_PlaceFootprints.place_footprints 156:Footprint LS76 on root level
02-03 14:43:05 com_github_MitjaNemec_PlaceFootprints.place_footprints 156:Footprint LS75 on root level
02-03 14:43:05 com_github_MitjaNemec_PlaceFootprints.place_footprints 156:Footprint LS74 on root level
02-03 14:43:05 com_github_MitjaNemec_PlaceFootprints.place_footprints 156:Footprint LS73 on root level
02-03 14:43:05 com_github_MitjaNemec_PlaceFootprints.place_footprints 156:Footprint LS72 on root level
02-03 14:43:05 com_github_MitjaNemec_PlaceFootprints.place_footprints 156:Footprint LS71 on root level
02-03 14:43:05 com_github_MitjaNemec_PlaceFootprints.place_footprints 156:Footprint LS70 on root level
02-03 14:43:05 com_github_MitjaNemec_PlaceFootprints.place_footprints 156:Footprint LS69 on root level
02-03 14:43:05 com_github_MitjaNemec_PlaceFootprints.place_footprints 156:Footprint LS68 on root level
02-03 14:43:05 com_github_MitjaNemec_PlaceFootprints.place_footprints 156:Footprint LS67 on root level
02-03 14:43:05 com_github_MitjaNemec_PlaceFootprints.place_footprints 156:Footprint LS66 on root level
02-03 14:43:05 com_github_MitjaNemec_PlaceFootprints.place_footprints 156:Footprint LS65 on root level
02-03 14:43:05 com_github_MitjaNemec_PlaceFootprints.place_footprints 156:Footprint LS64 on root level
02-03 14:43:05 com_github_MitjaNemec_PlaceFootprints.place_footprints 156:Footprint LS63 on root level
02-03 14:43:05 com_github_MitjaNemec_PlaceFootprints.place_footprints 156:Footprint LS62 on root level
02-03 14:43:05 com_github_MitjaNemec_PlaceFootprints.place_footprints 156:Footprint LS61 on root level
02-03 14:43:05 com_github_MitjaNemec_PlaceFootprints.place_footprints 156:Footprint H4 on root level
02-03 14:43:05 com_github_MitjaNemec_PlaceFootprints.place_footprints 156:Footprint D1 on root level
02-03 14:43:05 com_github_MitjaNemec_PlaceFootprints.place_footprints 156:Footprint R2 on root level
02-03 14:43:05 com_github_MitjaNemec_PlaceFootprints.place_footprints 156:Footprint R1 on root level
02-03 14:43:05 com_github_MitjaNemec_PlaceFootprints.place_footprints 156:Footprint U1 on root level
02-03 14:43:05 com_github_MitjaNemec_PlaceFootprints.place_footprints 156:Footprint H5 on root level
02-03 14:43:05 com_github_MitjaNemec_PlaceFootprints.place_footprints 156:Footprint H6 on root level
02-03 14:43:05 com_github_MitjaNemec_PlaceFootprints.place_footprints 156:Footprint H2 on root level
02-03 14:43:05 com_github_MitjaNemec_PlaceFootprints.place_footprints 156:Footprint L1 on root level
02-03 14:43:05 com_github_MitjaNemec_PlaceFootprints.place_footprints 156:Footprint C2 on root level
02-03 14:43:05 com_github_MitjaNemec_PlaceFootprints.place_footprints 156:Footprint C1 on root level
02-03 14:43:05 com_github_MitjaNemec_PlaceFootprints.place_footprints 156:Footprint J1 on root level
02-03 14:43:06 com_github_MitjaNemec_PlaceFootprints.action_place_footprints 824:Reference designator is: LS
02-03 14:43:06 com_github_MitjaNemec_PlaceFootprints.action_place_footprints 825:Reference number is: 1
02-03 14:43:06 com_github_MitjaNemec_PlaceFootprints.action_place_footprints 857:Sorted and filtered list:
['LS1', 'LS2', 'LS3', 'LS4', 'LS5', 'LS6', 'LS7', 'LS8', 'LS9', 'LS10', 'LS11', 'LS12', 'LS13', 'LS14', 'LS15', 'LS16', 'LS17', 'LS18', 'LS19', 'LS20', 'LS21', 'LS22', 'LS23', 'LS24', 'LS25', 'LS26', 'LS27', 'LS28', 'LS29', 'LS30', 'LS31', 'LS32', 'LS33', 'LS34', 'LS35', 'LS36', 'LS37', 'LS38', 'LS39', 'LS40', 'LS41', 'LS42', 'LS43', 'LS44', 'LS45', 'LS46', 'LS47', 'LS48', 'LS49', 'LS50', 'LS51', 'LS52', 'LS53', 'LS54', 'LS55', 'LS56', 'LS57', 'LS58', 'LS59', 'LS60', 'LS61', 'LS62', 'LS63', 'LS64', 'LS65', 'LS66', 'LS67', 'LS68', 'LS69', 'LS70', 'LS71', 'LS72', 'LS73', 'LS74', 'LS75', 'LS76', 'LS77', 'LS78', 'LS79', 'LS80', 'LS81', 'LS82', 'LS83', 'LS84', 'LS85', 'LS86', 'LS87', 'LS88', 'LS89', 'LS90', 'LS91', 'LS92', 'LS93', 'LS94', 'LS95', 'LS96', 'LS97', 'LS98', 'LS99', 'LS100', 'LS101', 'LS102', 'LS103', 'LS104', 'LS105', 'LS106', 'LS107', 'LS108', 'LS109', 'LS110', 'LS111', 'LS112', 'LS113', 'LS114', 'LS115', 'LS116', 'LS117', 'LS118', 'LS119', 'LS120', 'LS121', 'LS122', 'LS123', 'LS124', 'LS125', 'LS126', 'LS127', 'LS128', 'LS129', 'LS130', 'LS131', 'LS132', 'LS133', 'LS134', 'LS135', 'LS136', 'LS137', 'LS138', 'LS139', 'LS140', 'LS141', 'LS142', 'LS143', 'LS144', 'LS145', 'LS146', 'LS147', 'LS148', 'LS149', 'LS150', 'LS151', 'LS152', 'LS153', 'LS154', 'LS155', 'LS156', 'LS157', 'LS158', 'LS159', 'LS160', 'LS161', 'LS162', 'LS163', 'LS164', 'LS165', 'LS166', 'LS167', 'LS168', 'LS169', 'LS170', 'LS171', 'LS172', 'LS173', 'LS174', 'LS175', 'LS176', 'LS177', 'LS178', 'LS179', 'LS180', 'LS181', 'LS182', 'LS183', 'LS184', 'LS185', 'LS186', 'LS187', 'LS188', 'LS189', 'LS190', 'LS191', 'LS192', 'LS193', 'LS194', 'LS195', 'LS196', 'LS197', 'LS198', 'LS199', 'LS200', 'LS201', 'LS202', 'LS203', 'LS204', 'LS205', 'LS206', 'LS207', 'LS208', 'LS209', 'LS210', 'LS211', 'LS212', 'LS213', 'LS214', 'LS215', 'LS216', 'LS217', 'LS218', 'LS219', 'LS220', 'LS221', 'LS222', 'LS223', 'LS224', 'LS225', 'LS226', 'LS227', 'LS228', 'LS229', 'LS230', 'LS231', 'LS232', 'LS233', 'LS234', 'LS235', 'LS236', 'LS237', 'LS238', 'LS239', 'LS240', 'LS241', 'LS242', 'LS243', 'LS244', 'LS245', 'LS246', 'LS247', 'LS248', 'LS249', 'LS250', 'LS251', 'LS252', 'LS253', 'LS254', 'LS255', 'LS256']
02-03 14:43:06 com_github_MitjaNemec_PlaceFootprints.action_place_footprints 358:wx.Colour(31, 36, 48, 255)
02-03 14:43:10 com_github_MitjaNemec_PlaceFootprints.action_place_footprints 489:'10,16'
02-03 14:43:10 com_github_MitjaNemec_PlaceFootprints.action_place_footprints 895:Footprints to place:
['LS1', 'LS2', 'LS3', 'LS4', 'LS5', 'LS6', 'LS7', 'LS8', 'LS9', 'LS10', 'LS11', 'LS12', 'LS13', 'LS14', 'LS15', 'LS16', 'LS17', 'LS18', 'LS19', 'LS20', 'LS21', 'LS22', 'LS23', 'LS24', 'LS25', 'LS26', 'LS27', 'LS28', 'LS29', 'LS30', 'LS31', 'LS32', 'LS33', 'LS34', 'LS35', 'LS36', 'LS37', 'LS38', 'LS39', 'LS40', 'LS41', 'LS42', 'LS43', 'LS44', 'LS45', 'LS46', 'LS47', 'LS48', 'LS49', 'LS50', 'LS51', 'LS52', 'LS53', 'LS54', 'LS55', 'LS56', 'LS57', 'LS58', 'LS59', 'LS60', 'LS61', 'LS62', 'LS63', 'LS64', 'LS65', 'LS66', 'LS67', 'LS68', 'LS69', 'LS70', 'LS71', 'LS72', 'LS73', 'LS74', 'LS75', 'LS76', 'LS77', 'LS78', 'LS79', 'LS80', 'LS81', 'LS82', 'LS83', 'LS84', 'LS85', 'LS86', 'LS87', 'LS88', 'LS89', 'LS90', 'LS91', 'LS92', 'LS93', 'LS94', 'LS95', 'LS96', 'LS97', 'LS98', 'LS99', 'LS100', 'LS101', 'LS102', 'LS103', 'LS104', 'LS105', 'LS106', 'LS107', 'LS108', 'LS109', 'LS110', 'LS111', 'LS112', 'LS113', 'LS114', 'LS115', 'LS116', 'LS117', 'LS118', 'LS119', 'LS120', 'LS121', 'LS122', 'LS123', 'LS124', 'LS125', 'LS126', 'LS127', 'LS128', 'LS129', 'LS130', 'LS131', 'LS132', 'LS133', 'LS134', 'LS135', 'LS136', 'LS137', 'LS138', 'LS139', 'LS140', 'LS141', 'LS142', 'LS143', 'LS144', 'LS145', 'LS146', 'LS147', 'LS148', 'LS149', 'LS150', 'LS151', 'LS152', 'LS153', 'LS154', 'LS155', 'LS156', 'LS157', 'LS158', 'LS159', 'LS160', 'LS161', 'LS162', 'LS163', 'LS164', 'LS165', 'LS166', 'LS167', 'LS168', 'LS169', 'LS170', 'LS171', 'LS172', 'LS173', 'LS174', 'LS175', 'LS176', 'LS177', 'LS178', 'LS179', 'LS180', 'LS181', 'LS182', 'LS183', 'LS184', 'LS185', 'LS186', 'LS187', 'LS188', 'LS189', 'LS190', 'LS191', 'LS192', 'LS193', 'LS194', 'LS195', 'LS196', 'LS197', 'LS198', 'LS199', 'LS200', 'LS201', 'LS202', 'LS203', 'LS204', 'LS205', 'LS206', 'LS207', 'LS208', 'LS209', 'LS210', 'LS211', 'LS212', 'LS213', 'LS214', 'LS215', 'LS216', 'LS217', 'LS218', 'LS219', 'LS220', 'LS221', 'LS222', 'LS223', 'LS224', 'LS225', 'LS226', 'LS227', 'LS228', 'LS229', 'LS230', 'LS231', 'LS232', 'LS233', 'LS234', 'LS235', 'LS236', 'LS237', 'LS238', 'LS239', 'LS240', 'LS241', 'LS242', 'LS243', 'LS244', 'LS245', 'LS246', 'LS247', 'LS248', 'LS249', 'LS250', 'LS251', 'LS252', 'LS253', 'LS254', 'LS255', 'LS256']
02-03 14:43:10 com_github_MitjaNemec_PlaceFootprints.place_footprints 398:Starting placing with matrix layout
02-03 14:43:10 com_github_MitjaNemec_PlaceFootprints.action_place_footprints 965:Placing complete
